{
  "RSpec": {
    "coverage": {
      "/home/ubuntu/workspace/softwareproject/app/helpers/application_helper.rb": [
        1,
        null
      ],
      "/home/ubuntu/workspace/softwareproject/app/helpers/locations_helper.rb": [
        1,
        null
      ],
      "/home/ubuntu/workspace/softwareproject/app/helpers/reviews_helper.rb": [
        1,
        null
      ],
      "/home/ubuntu/workspace/softwareproject/app/helpers/users_helper.rb": [
        1,
        null
      ],
      "/home/ubuntu/workspace/softwareproject/app/helpers/visits_helper.rb": [
        1,
        null
      ],
      "/home/ubuntu/workspace/softwareproject/app/controllers/locations_controller.rb": [
        1,
        null,
        1,
        0,
        0,
        null,
        null,
        1,
        null,
        0,
        0,
        null,
        null,
        null
      ],
      "/home/ubuntu/workspace/softwareproject/app/controllers/application_controller.rb": [
        1,
        null,
        null,
        1,
        null,
        1,
        0,
        0,
        null,
        null
      ],
      "/home/ubuntu/workspace/softwareproject/app/controllers/reviews_controller.rb": [
        1,
        null,
        1,
        0,
        null,
        null,
        1,
        0,
        null,
        null,
        1,
        null,
        0,
        0,
        null,
        null,
        1,
        null,
        null,
        null,
        null,
        0,
        null,
        null,
        null,
        null,
        null,
        1,
        0,
        0,
        null,
        null,
        1,
        0,
        0,
        null,
        null,
        1,
        null,
        0,
        0,
        null,
        0,
        0,
        0,
        null,
        null
      ],
      "/home/ubuntu/workspace/softwareproject/app/controllers/users_controller.rb": [
        1,
        1,
        null,
        1,
        null,
        null,
        null,
        1,
        null,
        null,
        null,
        1,
        null,
        null,
        null,
        null,
        1,
        0,
        null,
        null,
        1,
        0,
        0,
        0,
        null,
        null,
        null,
        1,
        3,
        2,
        2,
        2,
        null,
        1,
        1,
        null,
        1,
        1,
        null,
        null,
        1,
        1,
        null,
        null,
        null,
        null
      ],
      "/home/ubuntu/workspace/softwareproject/app/controllers/visits_controller.rb": [
        1,
        1,
        0,
        null,
        null,
        1,
        null,
        null,
        null,
        1,
        0,
        null,
        0,
        null,
        0,
        null,
        null
      ],
      "/home/ubuntu/workspace/softwareproject/app/models/album.rb": [
        1,
        1,
        null
      ],
      "/home/ubuntu/workspace/softwareproject/app/models/friendship.rb": [
        1,
        1,
        null
      ],
      "/home/ubuntu/workspace/softwareproject/app/models/location.rb": [
        1,
        1,
        1,
        1,
        null
      ],
      "/home/ubuntu/workspace/softwareproject/app/models/photo.rb": [
        1,
        1,
        null
      ],
      "/home/ubuntu/workspace/softwareproject/app/models/review.rb": [
        1,
        1,
        1,
        null
      ],
      "/home/ubuntu/workspace/softwareproject/app/models/user.rb": [
        1,
        1,
        1,
        1,
        1,
        1,
        null,
        1,
        1,
        1,
        1,
        1,
        1,
        null
      ],
      "/home/ubuntu/workspace/softwareproject/app/uploaders/profile_pic_uploader.rb": [
        null,
        null,
        1,
        null,
        null,
        null,
        null,
        null,
        null,
        1,
        null,
        null,
        null,
        null,
        1,
        0,
        null,
        null,
        null,
        null,
        null,
        null,
        null,
        null,
        null,
        null,
        null,
        null,
        null,
        null,
        null,
        null,
        null,
        null,
        null,
        null,
        null,
        null,
        null,
        null,
        null,
        null,
        null,
        null,
        null,
        null,
        null,
        null,
        null,
        null,
        null
      ],
      "/home/ubuntu/workspace/softwareproject/app/models/visit.rb": [
        1,
        1,
        1,
        null
      ]
    },
    "timestamp": 1456097819
  }
}
