{
  "RSpec": {
    "coverage": {
      "/home/ubuntu/workspace/Senior_Software_Project/app/helpers/application_helper.rb": [
        1,
        null
      ],
      "/home/ubuntu/workspace/Senior_Software_Project/app/helpers/users_helper.rb": [
        1,
        null
      ],
      "/home/ubuntu/workspace/Senior_Software_Project/app/controllers/users_controller.rb": [
        1,
        1,
        null,
        null,
        1,
        null,
        null,
        null,
        1,
        null,
        null,
        null,
        1,
        null,
        null,
        null,
        1,
        null,
        null,
        null,
        null
      ],
      "/home/ubuntu/workspace/Senior_Software_Project/app/controllers/application_controller.rb": [
        1,
        null,
        null,
        1,
        null
      ],
      "/home/ubuntu/workspace/Senior_Software_Project/app/models/user.rb": [
        1,
        null
      ]
    },
    "timestamp": 1454980829
  }
}
